----------------------------------------------------------------
Sat Nov 12 15:20:24 CET 2016:
Booting Derby version The Apache Software Foundation - Apache Derby - 10.11.1.1 - (1616546): instance a816c00e-0158-58e9-2417-000005ec9e48 
on database directory memory:C:\Users\athim\OneDrive\Cours\BLANCHAR_Composant\filestoreAndroid\filestore-ejb\unit-testing-jpa with class loader sun.misc.Launcher$AppClassLoader@6bc7c054 
Loaded from file:/C:/Users/athim/.m2/repository/org/apache/derby/derby/10.11.1.1/derby-10.11.1.1.jar
java.vendor=Oracle Corporation
java.runtime.version=1.8.0_102-b14
user.dir=C:\Users\athim\OneDrive\Cours\BLANCHAR_Composant\filestoreAndroid\filestore-ejb
os.name=Windows 10
os.arch=amd64
os.version=10.0
derby.system.home=null
Database Class Loader started - derby.database.classpath=''
----------------------------------------------------------------
Sat Nov 12 15:20:25 CET 2016:
Shutting down instance a816c00e-0158-58e9-2417-000005ec9e48 on database directory memory:C:\Users\athim\OneDrive\Cours\BLANCHAR_Composant\filestoreAndroid\filestore-ejb\unit-testing-jpa with class loader sun.misc.Launcher$AppClassLoader@6bc7c054 
----------------------------------------------------------------
Sat Nov 12 15:20:26 CET 2016:
Booting Derby version The Apache Software Foundation - Apache Derby - 10.11.1.1 - (1616546): instance 6ede40af-0158-58e9-2417-000005ec9e48 
on database directory memory:C:\Users\athim\OneDrive\Cours\BLANCHAR_Composant\filestoreAndroid\filestore-ejb\unit-testing-jpa with class loader sun.misc.Launcher$AppClassLoader@6bc7c054 
Loaded from file:/C:/Users/athim/.m2/repository/org/apache/derby/derby/10.11.1.1/derby-10.11.1.1.jar
java.vendor=Oracle Corporation
java.runtime.version=1.8.0_102-b14
user.dir=C:\Users\athim\OneDrive\Cours\BLANCHAR_Composant\filestoreAndroid\filestore-ejb
os.name=Windows 10
os.arch=amd64
os.version=10.0
derby.system.home=null
Database Class Loader started - derby.database.classpath=''
----------------------------------------------------------------
Sat Nov 12 15:20:26 CET 2016:
Shutting down instance 6ede40af-0158-58e9-2417-000005ec9e48 on database directory memory:C:\Users\athim\OneDrive\Cours\BLANCHAR_Composant\filestoreAndroid\filestore-ejb\unit-testing-jpa with class loader sun.misc.Launcher$AppClassLoader@6bc7c054 
